d:\documentos\sault college\computer programming\22f\csd215-prog paradigms\assignments\programming-language-project-rcoleto-coder\src\pongclone\x64\debug\vc142.pdb
d:\documentos\sault college\computer programming\22f\csd215-prog paradigms\assignments\programming-language-project-rcoleto-coder\src\pongclone\x64\debug\vc142.idb
d:\documentos\sault college\computer programming\22f\csd215-prog paradigms\assignments\programming-language-project-rcoleto-coder\src\pongclone\x64\debug\vec2.obj
d:\documentos\sault college\computer programming\22f\csd215-prog paradigms\assignments\programming-language-project-rcoleto-coder\src\pongclone\x64\debug\game.obj
d:\documentos\sault college\computer programming\22f\csd215-prog paradigms\assignments\programming-language-project-rcoleto-coder\src\pongclone\x64\debug\playerscore.obj
d:\documentos\sault college\computer programming\22f\csd215-prog paradigms\assignments\programming-language-project-rcoleto-coder\src\pongclone\x64\debug\paddle.obj
d:\documentos\sault college\computer programming\22f\csd215-prog paradigms\assignments\programming-language-project-rcoleto-coder\src\pongclone\x64\debug\ball.obj
d:\documentos\sault college\computer programming\22f\csd215-prog paradigms\assignments\backup\src\pongclone\x64\debug\vc142.pdb
d:\documentos\sault college\computer programming\22f\csd215-prog paradigms\assignments\backup\src\pongclone\x64\debug\vc142.idb
d:\documentos\sault college\computer programming\22f\csd215-prog paradigms\assignments\backup\src\pongclone\x64\debug\game.obj
d:\documentos\sault college\computer programming\22f\csd215-prog paradigms\assignments\backup\src\pongclone\x64\debug\ball.obj
d:\documentos\sault college\computer programming\22f\csd215-prog paradigms\assignments\backup\src\pongclone\x64\debug\paddle.obj
d:\documentos\sault college\computer programming\22f\csd215-prog paradigms\assignments\backup\src\pongclone\x64\debug\vec2.obj
d:\documentos\sault college\computer programming\22f\csd215-prog paradigms\assignments\backup\src\pongclone\x64\debug\playerscore.obj
d:\documentos\sault college\computer programming\22f\csd215-prog paradigms\assignments\final\programming-language-project-rcoleto-coder\src\pongclone\x64\debug\vc142.pdb
d:\documentos\sault college\computer programming\22f\csd215-prog paradigms\assignments\final\programming-language-project-rcoleto-coder\src\pongclone\x64\debug\vc142.idb
d:\documentos\sault college\computer programming\22f\csd215-prog paradigms\assignments\final\programming-language-project-rcoleto-coder\src\pongclone\x64\debug\vec2.obj
d:\documentos\sault college\computer programming\22f\csd215-prog paradigms\assignments\final\programming-language-project-rcoleto-coder\src\pongclone\x64\debug\playerscore.obj
d:\documentos\sault college\computer programming\22f\csd215-prog paradigms\assignments\final\programming-language-project-rcoleto-coder\src\pongclone\x64\debug\paddle.obj
d:\documentos\sault college\computer programming\22f\csd215-prog paradigms\assignments\final\programming-language-project-rcoleto-coder\src\pongclone\x64\debug\game.obj
d:\documentos\sault college\computer programming\22f\csd215-prog paradigms\assignments\final\programming-language-project-rcoleto-coder\src\pongclone\x64\debug\ball.obj
d:\documentos\sault college\computer programming\22f\csd215-prog paradigms\assignments\programming-language-project-rcoleto-coder\src\pongclone\x64\debug\pongclone.exe
d:\documentos\sault college\computer programming\22f\csd215-prog paradigms\assignments\programming-language-project-rcoleto-coder\src\pongclone\x64\debug\pongclone.ilk
d:\documentos\sault college\computer programming\22f\csd215-prog paradigms\assignments\programming-language-project-rcoleto-coder\src\pongclone\x64\debug\pongclone.pdb
d:\documentos\sault college\computer programming\22f\csd215-prog paradigms\assignments\backup\src\pongclone\x64\debug\pongclone.exe
d:\documentos\sault college\computer programming\22f\csd215-prog paradigms\assignments\backup\src\pongclone\x64\debug\pongclone.ilk
d:\documentos\sault college\computer programming\22f\csd215-prog paradigms\assignments\backup\src\pongclone\x64\debug\pongclone.pdb
d:\documentos\sault college\computer programming\22f\csd215-prog paradigms\assignments\final\programming-language-project-rcoleto-coder\src\pongclone\x64\debug\pongclone.exe
d:\documentos\sault college\computer programming\22f\csd215-prog paradigms\assignments\final\programming-language-project-rcoleto-coder\src\pongclone\x64\debug\pongclone.ilk
d:\documentos\sault college\computer programming\22f\csd215-prog paradigms\assignments\final\programming-language-project-rcoleto-coder\src\pongclone\x64\debug\pongclone.pdb
d:\documentos\sault college\computer programming\22f\csd215-prog paradigms\assignments\final\programming-language-project-rcoleto-coder\src\pongclone\x64\debug\pongclone.tlog\cl.command.1.tlog
d:\documentos\sault college\computer programming\22f\csd215-prog paradigms\assignments\final\programming-language-project-rcoleto-coder\src\pongclone\x64\debug\pongclone.tlog\cl.read.1.tlog
d:\documentos\sault college\computer programming\22f\csd215-prog paradigms\assignments\final\programming-language-project-rcoleto-coder\src\pongclone\x64\debug\pongclone.tlog\cl.write.1.tlog
d:\documentos\sault college\computer programming\22f\csd215-prog paradigms\assignments\final\programming-language-project-rcoleto-coder\src\pongclone\x64\debug\pongclone.tlog\link.command.1.tlog
d:\documentos\sault college\computer programming\22f\csd215-prog paradigms\assignments\final\programming-language-project-rcoleto-coder\src\pongclone\x64\debug\pongclone.tlog\link.read.1.tlog
d:\documentos\sault college\computer programming\22f\csd215-prog paradigms\assignments\final\programming-language-project-rcoleto-coder\src\pongclone\x64\debug\pongclone.tlog\link.write.1.tlog
